<?xml version="1.0" encoding="UTF-8"?>
<!-- Generated by org.testng.reporters.JUnitReportReporter -->
<testsuite hostname="Tikas-MacBook-Air.local" failures="0" tests="1" name="org.auto.learning_project.testcase.LoginScenario" time="16.625" errors="0" timestamp="2024-12-22T22:30:20 PST" skipped="0">
  <testcase classname="org.auto.learning_project.testcase.LoginScenario" name="tc02_validloginfunc" time="16.625"/>
  <system-out/>
</testsuite> <!-- org.auto.learning_project.testcase.LoginScenario -->
