<?xml version="1.0" encoding="UTF-8"?>
<!-- Generated by org.testng.reporters.JUnitReportReporter -->
<testsuite hostname="Tikas-MacBook-Air.local" failures="0" tests="1" name="org.auto.learning_project.testcase.HomePage_Men_Scenario" time="36.966" errors="0" timestamp="2024-12-22T15:03:33 PST" skipped="0">
  <testcase classname="org.auto.learning_project.testcase.HomePage_Men_Scenario" name="tc04_valid_Men_homepagefunc" time="36.966"/>
  <system-out/>
</testsuite> <!-- org.auto.learning_project.testcase.HomePage_Men_Scenario -->
