<?xml version="1.0" encoding="UTF-8"?>
<!-- Generated by org.testng.reporters.JUnitReportReporter -->
<testsuite hostname="Tikas-MacBook-Air.local" failures="0" tests="1" name="org.wipro.auto.fb.testcase.SignupScenario" time="21.090" errors="0" timestamp="2024-05-04T22:20:37 PDT" skipped="0">
  <testcase classname="org.wipro.auto.fb.testcase.SignupScenario" name="tc002_validsignupfunc" time="21.090"/>
  <system-out/>
</testsuite> <!-- org.wipro.auto.fb.testcase.SignupScenario -->
