<?xml version="1.0" encoding="UTF-8"?>
<!-- Generated by org.testng.reporters.JUnitReportReporter -->
<testsuite hostname="Tikas-MacBook-Air.local" failures="0" tests="1" name="org.wipro.auto.fb.testcase.LoginScenario" time="4.880" errors="0" timestamp="2024-05-03T18:11:48 PDT" skipped="0">
  <testcase classname="org.wipro.auto.fb.testcase.LoginScenario" name="tc001_validcredentialLogin" time="4.880"/>
  <system-out/>
</testsuite> <!-- org.wipro.auto.fb.testcase.LoginScenario -->
