<?xml version="1.0" encoding="UTF-8"?>
<!-- Generated by org.testng.reporters.JUnitReportReporter -->
<testsuite hostname="Tikas-MacBook-Air.local" failures="0" tests="1" name="org.auto.learning_project.testcase.LoginScenario" time="31.584" errors="0" timestamp="2024-12-19T23:23:54 PST" skipped="0">
  <testcase classname="org.auto.learning_project.testcase.LoginScenario" name="tc02_validloginfunc" time="31.584"/>
  <system-out/>
</testsuite> <!-- org.auto.learning_project.testcase.LoginScenario -->
