<?xml version="1.0" encoding="UTF-8"?>
<!-- Generated by org.testng.reporters.JUnitReportReporter -->
<testsuite hostname="Tikas-MacBook-Air.local" failures="0" tests="3" name="org.wipro.auto.fb.testcase.LoginScenario_DDF" time="33.538" errors="0" timestamp="2024-09-27T10:51:56 PDT" skipped="0">
  <testcase classname="org.wipro.auto.fb.testcase.LoginScenario_DDF" name="tc001_validcredentialLogin" time="9.165"/>
  <system-out/>
  <testcase classname="org.wipro.auto.fb.testcase.LoginScenario_DDF" name="tc001_validcredentialLogin" time="14.280"/>
  <system-out/>
  <testcase classname="org.wipro.auto.fb.testcase.LoginScenario_DDF" name="tc001_validcredentialLogin" time="10.093"/>
  <system-out/>
</testsuite> <!-- org.wipro.auto.fb.testcase.LoginScenario_DDF -->
