<?xml version="1.0" encoding="UTF-8"?>
<!-- Generated by org.testng.reporters.JUnitReportReporter -->
<testsuite hostname="Tikas-MacBook-Air.local" failures="0" tests="1" name="org.auto.learning_project.testcase.SignupScenario" time="90.932" errors="0" timestamp="2024-12-03T16:37:41 PST" skipped="0">
  <testcase classname="org.auto.learning_project.testcase.SignupScenario" name="tc01_validsignupfunc" time="90.932"/>
  <system-out/>
</testsuite> <!-- org.auto.learning_project.testcase.SignupScenario -->
