<?xml version="1.0" encoding="UTF-8"?>
<!-- Generated by org.testng.reporters.JUnitReportReporter -->
<testsuite hostname="Tikas-MacBook-Air.local" failures="0" tests="1" name="org.auto.learning_project.testcase.HomePageScenario" time="150.112" errors="0" timestamp="2024-12-17T15:34:11 PST" skipped="0">
  <testcase classname="org.auto.learning_project.testcase.HomePageScenario" name="tc03_validhomepagefunc" time="150.112"/>
  <system-out/>
</testsuite> <!-- org.auto.learning_project.testcase.HomePageScenario -->
