<?xml version="1.0" encoding="UTF-8"?>
<!-- Generated by org.testng.reporters.JUnitReportReporter -->
<testsuite hostname="Tikas-MacBook-Air.local" failures="0" tests="3" name="org.auto.learning_project.testcase.LoginScenario_DDF" time="40.201" errors="0" timestamp="2024-12-22T15:03:33 PST" skipped="0">
  <testcase classname="org.auto.learning_project.testcase.LoginScenario_DDF" name="tc002_LoginFunct" time="14.446"/>
  <system-out/>
  <testcase classname="org.auto.learning_project.testcase.LoginScenario_DDF" name="tc002_LoginFunct" time="13.673"/>
  <system-out/>
  <testcase classname="org.auto.learning_project.testcase.LoginScenario_DDF" name="tc002_LoginFunct" time="12.082"/>
  <system-out/>
</testsuite> <!-- org.auto.learning_project.testcase.LoginScenario_DDF -->
